app/build/intermediates/manifest_merge_blame_file/debug/manifest-merger-blame-debug-report.txt
1<?xml version="1.0" encoding="utf-8"?>
2<manifest xmlns:android="http://schemas.android.com/apk/res/android"
3    package="com.example.mizu"
4    android:versionCode="1"
5    android:versionName="1.0" >
6
7    <uses-sdk
8        android:minSdkVersion="21"
8-->src\main\AndroidManifest.xml
9        android:targetSdkVersion="29" />
9-->src\main\AndroidManifest.xml
10
11    <application
11-->src\main\AndroidManifest.xml:5:5-28:19
12        android:allowBackup="true"
12-->src\main\AndroidManifest.xml:6:9-35
13        android:appComponentFactory="androidx.core.app.CoreComponentFactory"
13-->[androidx.core:core:1.0.1] AndroidManifest.xml:22:18-86
14        android:debuggable="true"
15        android:icon="@mipmap/ic_launcher"
15-->src\main\AndroidManifest.xml:7:9-43
16        android:label="@string/app_name"
16-->src\main\AndroidManifest.xml:8:9-41
17        android:roundIcon="@mipmap/ic_launcher_round"
17-->src\main\AndroidManifest.xml:9:9-54
18        android:supportsRtl="true"
18-->src\main\AndroidManifest.xml:10:9-35
19        android:testOnly="true"
20        android:theme="@style/AppTheme" >
20-->src\main\AndroidManifest.xml:11:9-40
21        <activity
21-->src\main\AndroidManifest.xml:12:9-92
22            android:name="com.example.mizu.ThankYou"
22-->src\main\AndroidManifest.xml:12:19-43
23            android:screenOrientation="portrait" />
23-->src\main\AndroidManifest.xml:12:44-80
24        <activity
24-->src\main\AndroidManifest.xml:13:9-93
25            android:name="com.example.mizu.bookingconfirmation"
25-->src\main\AndroidManifest.xml:13:19-54
26            android:screenOrientation="portrait" />
26-->src\main\AndroidManifest.xml:13:55-91
27        <activity
27-->src\main\AndroidManifest.xml:14:9-81
28            android:name="com.example.mizu.NewCard"
28-->src\main\AndroidManifest.xml:14:19-42
29            android:screenOrientation="portrait" />
29-->src\main\AndroidManifest.xml:14:43-79
30        <activity
30-->src\main\AndroidManifest.xml:15:9-81
31            android:name="com.example.mizu.Payment"
31-->src\main\AndroidManifest.xml:15:19-42
32            android:screenOrientation="portrait" />
32-->src\main\AndroidManifest.xml:15:43-79
33        <activity
33-->src\main\AndroidManifest.xml:16:9-85
34            android:name="com.example.mizu.NewAddress"
34-->src\main\AndroidManifest.xml:16:19-45
35            android:screenOrientation="portrait" />
35-->src\main\AndroidManifest.xml:16:46-82
36        <activity
36-->src\main\AndroidManifest.xml:17:9-88
37            android:name="com.example.mizu.confirmaddress"
37-->src\main\AndroidManifest.xml:17:19-49
38            android:screenOrientation="portrait" />
38-->src\main\AndroidManifest.xml:17:50-86
39        <activity
39-->src\main\AndroidManifest.xml:18:9-87
40            android:name="com.example.mizu.Main2Activity"
40-->src\main\AndroidManifest.xml:18:19-48
41            android:screenOrientation="portrait" />
41-->src\main\AndroidManifest.xml:18:49-85
42        <activity
42-->src\main\AndroidManifest.xml:19:9-82
43            android:name="com.example.mizu.Address"
43-->src\main\AndroidManifest.xml:19:19-42
44            android:screenOrientation="portrait" />
44-->src\main\AndroidManifest.xml:19:43-79
45        <activity
45-->src\main\AndroidManifest.xml:20:9-79
46            android:name="com.example.mizu.login"
46-->src\main\AndroidManifest.xml:20:19-40
47            android:screenOrientation="portrait" />
47-->src\main\AndroidManifest.xml:20:41-77
48        <activity
48-->src\main\AndroidManifest.xml:21:9-27:20
49            android:name="com.example.mizu.MainActivity"
49-->src\main\AndroidManifest.xml:21:19-47
50            android:screenOrientation="portrait" >
50-->src\main\AndroidManifest.xml:21:48-84
51            <intent-filter>
51-->src\main\AndroidManifest.xml:22:13-26:29
52                <action android:name="android.intent.action.MAIN" />
52-->src\main\AndroidManifest.xml:23:17-69
52-->src\main\AndroidManifest.xml:23:25-66
53
54                <category android:name="android.intent.category.LAUNCHER" />
54-->src\main\AndroidManifest.xml:25:17-77
54-->src\main\AndroidManifest.xml:25:27-74
55            </intent-filter>
56        </activity>
57    </application>
58
59</manifest>